<?xml version="1.0" encoding="UTF-8"?>
<mule
	    xmlns="http://www.mulesoft.org/schema/mule/core"
        xmlns:xsi="http://www.w3.org/2001/XMLSchema-instance"
        xmlns:spring="http://www.springframework.org/schema/beans"
        xmlns:doc="http://www.mulesoft.org/schema/mule/documentation"
        xmlns:apikit="http://www.mulesoft.org/schema/mule/apikit"
		xmlns:http="http://www.mulesoft.org/schema/mule/http"
        xsi:schemaLocation="
               http://www.mulesoft.org/schema/mule/core http://www.mulesoft.org/schema/mule/core/current/mule.xsd
               http://www.mulesoft.org/schema/mule/http http://www.mulesoft.org/schema/mule/http/current/mule-http.xsd
               http://www.mulesoft.org/schema/mule/apikit http://www.mulesoft.org/schema/mule/apikit/current/mule-apikit.xsd
               http://www.springframework.org/schema/beans http://www.springframework.org/schema/beans/spring-beans-current.xsd">

	<!-- Apikit HTTP configuration, referenced from domain when normally run or deployed -->
	<http:listener-config name="api-httpListenerConfig" host="${proxy-service.host}" port="${proxy-service.port}" doc:name="HTTP Listener Configuration"/>
	
	<!-- Setting session variable L1p-Trace-Id to either L1p-Trace-Id header coming in if it exists or a generated UUID -->
    <sub-flow name="check-and-set-L1p-Trace-Id">
        <choice doc:name="Choice">
            <when expression="#[ ( message.inboundProperties.'L1p-Trace-Id' != null ) || message.inboundProperties.'http.request.path'.toString().equals(&quot;/spsp/backend/v1/health&quot;) ]">
                <set-session-variable variableName="L1p-Trace-Id" value="#[ message.inboundProperties.'L1p-Trace-Id' ]" doc:name="set-L1p-Trace-Id"/>
                <logger message="Received request with L1p-Trace-Id=#[sessionVars.'L1p-Trace-Id'] at path=#[message.inboundProperties.'http.request.path'], method=#[message.inboundProperties.'http.method'], Content-Type=#[message.inboundProperties.'Content-Type']" level="INFO" category="com.l1p.interop.common" doc:name="Logger"/>
            </when>
            <otherwise>
                <set-session-variable variableName="L1p-Trace-Id" value="#[ java.util.UUID.randomUUID() ]" doc:name="set-L1p-Trace-Id"/>
                <logger message="Received request WITHOUT L1p-Trace-Id header at path=#[message.inboundProperties.'http.request.path']. Adding new L1p-Trace-Id=#[sessionVars.'L1p-Trace-Id']" level="ERROR" category="com.l1p.interop.common" doc:name="Logger"/>
            </otherwise>
        </choice>
    </sub-flow>
	
		
</mule>
